<?xml version="1.0" encoding="UTF-8" ?>
<testsuite errors="0" failures="0" hostname="ubuntu" name="com.hfpp.network.CreateQueueSuite" tests="1" time="14.643" timestamp="2013-12-26T05:52:46">
  <properties>
    <property name="java.vendor" value="Sun Microsystems Inc." />
    <property name="package" value="com.hfpp.network" />
    <property name="docpackage.jar" value="healthcare_fraud_prevention_-_data_exchange_network_hub_services_module_assembly_docs.jar" />
    <property name="sun.java.launcher" value="SUN_STANDARD" />
    <property name="sun.management.compiler" value="HotSpot 64-Bit Tiered Compilers" />
    <property name="verbose" value="no" />
    <property name="os.name" value="Linux" />
    <property name="sun.boot.class.path" value="/usr/lib/jvm/java-6-openjdk-amd64/jre/lib/resources.jar:/usr/lib/jvm/java-6-openjdk-amd64/jre/lib/rt.jar:/usr/lib/jvm/java-6-openjdk-amd64/jre/lib/sunrsasign.jar:/usr/lib/jvm/java-6-openjdk-amd64/jre/lib/jsse.jar:/usr/lib/jvm/java-6-openjdk-amd64/jre/lib/jce.jar:/usr/lib/jvm/java-6-openjdk-amd64/jre/lib/charsets.jar:/usr/lib/jvm/java-6-openjdk-amd64/jre/lib/netx.jar:/usr/lib/jvm/java-6-openjdk-amd64/jre/lib/plugin.jar:/usr/lib/jvm/java-6-openjdk-amd64/jre/lib/rhino.jar:/usr/lib/jvm/java-6-openjdk-amd64/jre/lib/modules/jdk.boot.jar:/usr/lib/jvm/java-6-openjdk-amd64/jre/classes" />
    <property name="docsdir" value="docs" />
    <property name="javadoc.jar" value="javadocs.jar" />
    <property name="design_submission.jar" value="healthcare_fraud_prevention_-_data_exchange_network_hub_services_module_assembly_1.0.0_design_submission.jar" />
    <property name="sun.desktop" value="gnome" />
    <property name="component.tests.jar" value="build/dist/lib/tcs/healthcare_fraud_prevention_-_data_exchange_network_hub_services_module_assembly_tests.jar" />
    <property name="java.vm.specification.vendor" value="Sun Microsystems Inc." />
    <property name="ant.home" value="/usr/share/ant" />
    <property name="java.runtime.version" value="1.6.0_27-b27" />
    <property name="component_path" value="healthcare_fraud_prevention_-_data_exchange_network_hub_services_module_assembly/1.0.0" />
    <property name="java_home" value="/usr/lib/jvm/java-6-openjdk-amd64" />
    <property name="component.version.micro" value="0" />
    <property name="user.name" value="tcsassembler" />
    <property name="jdbc.password" value="123456" />
    <property name="build_dist" value="build/dist" />
    <property name="debug" value="off" />
    <property name="reports" value="log/reports" />
    <property name="testfiles" value="test_files" />
    <property name="component.version.major" value="1" />
    <property name="component_version" value="1.0.0" />
    <property name="ant.file.type.Healthcare Fraud Prevention - Data Exchange Network Hub Services Module Assembly Build" value="file" />
    <property name="component.packagedir" value="com/hfpp/network" />
    <property name="user.language" value="en" />
    <property name="javadoc.locale" value="en_US" />
    <property name="sun.boot.library.path" value="/usr/lib/jvm/java-6-openjdk-amd64/jre/lib/amd64" />
    <property name="jdbc.driverClassName" value="com.mysql.jdbc.Driver" />
    <property name="ant.project.default-target" value="jar" />
    <property name="srcdir" value="src" />
    <property name="ant.project.name" value="Healthcare Fraud Prevention - Data Exchange Network Hub Services Module Assembly Build" />
    <property name="component.version.minor" value="0" />
    <property name="java.version" value="1.6.0_27" />
    <property name="user.timezone" value="" />
    <property name="dev_dist.jar" value="healthcare_fraud_prevention_-_data_exchange_network_hub_services_module_assembly_1.0.0_dev_dist.jar" />
    <property name="sun.arch.data.model" value="64" />
    <property name="build_libdir" value="build/lib" />
    <property name="java.endorsed.dirs" value="/usr/lib/jvm/java-6-openjdk-amd64/jre/lib/endorsed" />
    <property name="sun.cpu.isalist" value="" />
    <property name="packagedir" value="com/hfpp/network" />
    <property name="sun.jnu.encoding" value="UTF-8" />
    <property name="file.encoding.pkg" value="sun.io" />
    <property name="file.separator" value="/" />
    <property name="jdbc.username" value="root" />
    <property name="java.specification.name" value="Java Platform API Specification" />
    <property name="build_docsdir" value="build/docs" />
    <property name="ant.file.Healthcare Fraud Prevention - Data Exchange Network Hub Services Module Assembly Build" value="/home/tcsassembler/tcs/HfppSystemIntegration/integrate/hub/build.xml" />
    <property name="hfpp.classpath" value="lib/commons-logging-1.1.3.jar lib/commons-collections-3.2.1.jar lib/commons-lang-2.5.jar lib/ehcache-2.7.2.jar lib/jackson-annotations-2.2.0.jar lib/jackson-core-2.2.0.jar lib/jackson-databind-2.2.0.jar lib/hibernate-commons-annotations-4.0.2.Final.jar lib/hibernate-core-4.2.3.Final.jar lib/hibernate-ehcache-4.2.3.Final.jar lib/hibernate-entitymanager-4.2.3.Final.jar lib/hibernate-jpa-2.0-api-1.0.1.Final.jar lib/jasypt-1.9.0.jar lib/log4j-1.2.17.jar lib/qpid-client-0.22.jar lib/qpid-common-0.22.jar lib/spring-aop-3.2.3.RELEASE.jar lib/spring-aspects-3.2.3.RELEASE.jar lib/spring-beans-3.2.3.RELEASE.jar lib/spring-context-3.2.3.RELEASE.jar lib/spring-context-support-3.2.3.RELEASE.jar lib/spring-core-3.2.3.RELEASE.jar lib/spring-expression-3.2.3.RELEASE.jar lib/spring-jdbc-3.2.3.RELEASE.jar lib/spring-jms-3.2.3.RELEASE.jar lib/spring-orm-3.2.3.RELEASE.jar lib/spring-tx-3.2.3.RELEASE.jar lib/velocity-1.7.jar lib/mysql-connector-java-5.1.26-bin.jar lib/antlr-2.7.7.jar lib/com.springsource.org.aopalliance-1.0.0.jar lib/dom4j-1.6.1.jar lib/javassist-3.15.0-GA.jar lib/jboss-logging-3.1.0.GA.jar lib/jboss-transaction-api_1.1_spec-1.0.1.Final.jar lib/slf4j-api-1.7.2.jar lib/slf4j-log4j12-1.7.2.jar lib/geronimo-jms_1.1_spec-1.0.jar lib/btm-2.1.3.jar lib/commons-daemon-1.0.15.jar" />
    <property name="java.class.version" value="50.0" />
    <property name="build_testclassdir" value="build/testClasses" />
    <property name="user.country" value="US" />
    <property name="java.home" value="/usr/lib/jvm/java-6-openjdk-amd64/jre" />
    <property name="component.distfilename" value="healthcare_fraud_prevention_-_data_exchange_network_hub_services_module_assembly" />
    <property name="component.version.build" value="1" />
    <property name="java.vm.info" value="mixed mode" />
    <property name="ant.file" value="/home/tcsassembler/tcs/HfppSystemIntegration/integrate/hub/build.xml" />
    <property name="os.version" value="3.8.0-29-generic" />
    <property name="build_distdir" value="build/dist" />
    <property name="dist_docpackage" value="build/doc_package" />
    <property name="build_tcsdistdir" value="build/dist/healthcare_fraud_prevention_-_data_exchange_network_hub_services_module_assembly-1.0.0" />
    <property name="path.separator" value=":" />
    <property name="testlibdir" value="testlib" />
    <property name="java.vm.version" value="20.0-b12" />
    <property name="testlogdir" value="log" />
    <property name="ant.library.dir" value="/usr/share/ant/lib" />
    <property name="component.name" value="healthcare fraud prevention - data exchange network hub services module assembly" />
    <property name="javamain" value="src/java/main" />
    <property name="dist_javadocs" value="build/dist/healthcare_fraud_prevention_-_data_exchange_network_hub_services_module_assembly-1.0.0/docs/javadocs" />
    <property name="dist_lib" value="build/dist/lib/tcs" />
    <property name="java.awt.printerjob" value="sun.print.PSPrinterJob" />
    <property name="sun.io.unicode.encoding" value="UnicodeLittle" />
    <property name="installer_folder" value="/home/tcsassembler/hfpp/hub" />
    <property name="component" value="healthcare fraud prevention - data exchange network hub services module assembly" />
    <property name="user.home" value="/home/tcsassembler" />
    <property name="java.specification.vendor" value="Sun Microsystems Inc." />
    <property name="initialRespondedRequestsValue" value="1" />
    <property name="java.library.path" value="/usr/lib/jvm/java-6-openjdk-amd64/jre/lib/amd64/server:/usr/lib/jvm/java-6-openjdk-amd64/jre/lib/amd64:/usr/lib/jvm/java-6-openjdk-amd64/jre/../lib/amd64:/usr/java/packages/lib/amd64:/usr/lib/x86_64-linux-gnu/jni:/lib/x86_64-linux-gnu:/usr/lib/x86_64-linux-gnu:/usr/lib/jni:/lib:/usr/lib" />
    <property name="java.vendor.url" value="http://java.sun.com/" />
    <property name="build_javadocsdir" value="build/docs/javadocs" />
    <property name="configdir" value="conf" />
    <property name="java.vm.vendor" value="Sun Microsystems Inc." />
    <property name="java.runtime.name" value="OpenJDK Runtime Environment" />
    <property name="java.class.path" value="/home/tcsassembler/tcs/HfppSystemIntegration/integrate/hub/build/testClasses:/home/tcsassembler/tcs/HfppSystemIntegration/integrate/hub/lib/antlr-2.7.7.jar:/home/tcsassembler/tcs/HfppSystemIntegration/integrate/hub/lib/antlr-2.7.7/antlr-2.7.7.jar:/home/tcsassembler/tcs/HfppSystemIntegration/integrate/hub/lib/aopalliance-1.0.0/com.springsource.org.aopalliance-1.0.0.jar:/home/tcsassembler/tcs/HfppSystemIntegration/integrate/hub/lib/btm-2.1.3.jar:/home/tcsassembler/tcs/HfppSystemIntegration/integrate/hub/lib/btm-2.1.3/btm-2.1.3.jar:/home/tcsassembler/tcs/HfppSystemIntegration/integrate/hub/lib/com.springsource.org.aopalliance-1.0.0.jar:/home/tcsassembler/tcs/HfppSystemIntegration/integrate/hub/lib/commons-collections-3.2.1.jar:/home/tcsassembler/tcs/HfppSystemIntegration/integrate/hub/lib/commons-collections-3.2.1/commons-collections-3.2.1.jar:/home/tcsassembler/tcs/HfppSystemIntegration/integrate/hub/lib/commons-daemon-1.0.15.jar:/home/tcsassembler/tcs/HfppSystemIntegration/integrate/hub/lib/commons-daemon-1.0.15/commons-daemon-1.0.15.jar:/home/tcsassembler/tcs/HfppSystemIntegration/integrate/hub/lib/commons-lang-2.5.jar:/home/tcsassembler/tcs/HfppSystemIntegration/integrate/hub/lib/commons-lang-2.5/commons-lang-2.5.jar:/home/tcsassembler/tcs/HfppSystemIntegration/integrate/hub/lib/commons-logging-1.1.3.jar:/home/tcsassembler/tcs/HfppSystemIntegration/integrate/hub/lib/commons-logging-1.1.3/commons-logging-1.1.3.jar:/home/tcsassembler/tcs/HfppSystemIntegration/integrate/hub/lib/dom4j-1.6.1.jar:/home/tcsassembler/tcs/HfppSystemIntegration/integrate/hub/lib/dom4j-1.6.1/dom4j-1.6.1.jar:/home/tcsassembler/tcs/HfppSystemIntegration/integrate/hub/lib/ehcache-2.7.2.jar:/home/tcsassembler/tcs/HfppSystemIntegration/integrate/hub/lib/ehcache-2.7.2/ehcache-2.7.2.jar:/home/tcsassembler/tcs/HfppSystemIntegration/integrate/hub/lib/geronimo-jms_1.1_spec-1.0.jar:/home/tcsassembler/tcs/HfppSystemIntegration/integrate/hub/lib/geronimo-jms_1.1_spec-1.0/geronimo-jms_1.1_spec-1.0.jar:/home/tcsassembler/tcs/HfppSystemIntegration/integrate/hub/lib/hibernate-4.2.3/hibernate-commons-annotations-4.0.2.Final.jar:/home/tcsassembler/tcs/HfppSystemIntegration/integrate/hub/lib/hibernate-4.2.3/hibernate-core-4.2.3.Final.jar:/home/tcsassembler/tcs/HfppSystemIntegration/integrate/hub/lib/hibernate-4.2.3/hibernate-ehcache-4.2.3.Final.jar:/home/tcsassembler/tcs/HfppSystemIntegration/integrate/hub/lib/hibernate-4.2.3/hibernate-entitymanager-4.2.3.Final.jar:/home/tcsassembler/tcs/HfppSystemIntegration/integrate/hub/lib/hibernate-4.2.3/hibernate-jpa-2.0-api-1.0.1.Final.jar:/home/tcsassembler/tcs/HfppSystemIntegration/integrate/hub/lib/hibernate-commons-annotations-4.0.2.Final.jar:/home/tcsassembler/tcs/HfppSystemIntegration/integrate/hub/lib/hibernate-core-4.2.3.Final.jar:/home/tcsassembler/tcs/HfppSystemIntegration/integrate/hub/lib/hibernate-ehcache-4.2.3.Final.jar:/home/tcsassembler/tcs/HfppSystemIntegration/integrate/hub/lib/hibernate-entitymanager-4.2.3.Final.jar:/home/tcsassembler/tcs/HfppSystemIntegration/integrate/hub/lib/hibernate-jpa-2.0-api-1.0.1.Final.jar:/home/tcsassembler/tcs/HfppSystemIntegration/integrate/hub/lib/jackson-2.2.0/jackson-annotations-2.2.0.jar:/home/tcsassembler/tcs/HfppSystemIntegration/integrate/hub/lib/jackson-2.2.0/jackson-core-2.2.0.jar:/home/tcsassembler/tcs/HfppSystemIntegration/integrate/hub/lib/jackson-2.2.0/jackson-databind-2.2.0.jar:/home/tcsassembler/tcs/HfppSystemIntegration/integrate/hub/lib/jasypt-1.9.0.jar:/home/tcsassembler/tcs/HfppSystemIntegration/integrate/hub/lib/jasypt-1.9.0/jasypt-1.9.0.jar:/home/tcsassembler/tcs/HfppSystemIntegration/integrate/hub/lib/javassist-3.15.0-GA.jar:/home/tcsassembler/tcs/HfppSystemIntegration/integrate/hub/lib/javassist-3.15.0/javassist-3.15.0-GA.jar:/home/tcsassembler/tcs/HfppSystemIntegration/integrate/hub/lib/jboss-logging-3.1.0.GA.jar:/home/tcsassembler/tcs/HfppSystemIntegration/integrate/hub/lib/jboss-logging-3.1.0/jboss-logging-3.1.0.GA.jar:/home/tcsassembler/tcs/HfppSystemIntegration/integrate/hub/lib/jboss-transaction-api_1.1_spec-1.0.1.Final.jar:/home/tcsassembler/tcs/HfppSystemIntegration/integrate/hub/lib/jboss-transaction-api_1.1_spec-1.0.1/jboss-transaction-api_1.1_spec-1.0.1.Final.jar:/home/tcsassembler/tcs/HfppSystemIntegration/integrate/hub/lib/log4j-1.2.17.jar:/home/tcsassembler/tcs/HfppSystemIntegration/integrate/hub/lib/log4j-1.2.17/log4j-1.2.17.jar:/home/tcsassembler/tcs/HfppSystemIntegration/integrate/hub/lib/mysql-connector-java-5.1.26-bin.jar:/home/tcsassembler/tcs/HfppSystemIntegration/integrate/hub/lib/mysql-connector-java-5.1.26/mysql-connector-java-5.1.26-bin.jar:/home/tcsassembler/tcs/HfppSystemIntegration/integrate/hub/lib/qpid-0.22/qpid-client-0.22.jar:/home/tcsassembler/tcs/HfppSystemIntegration/integrate/hub/lib/qpid-0.22/qpid-common-0.22.jar:/home/tcsassembler/tcs/HfppSystemIntegration/integrate/hub/lib/qpid-client-0.22.jar:/home/tcsassembler/tcs/HfppSystemIntegration/integrate/hub/lib/qpid-common-0.22.jar:/home/tcsassembler/tcs/HfppSystemIntegration/integrate/hub/lib/slf4j-1.7.2/slf4j-api-1.7.2.jar:/home/tcsassembler/tcs/HfppSystemIntegration/integrate/hub/lib/slf4j-1.7.2/slf4j-log4j12-1.7.2.jar:/home/tcsassembler/tcs/HfppSystemIntegration/integrate/hub/lib/slf4j-api-1.7.2.jar:/home/tcsassembler/tcs/HfppSystemIntegration/integrate/hub/lib/slf4j-log4j12-1.7.2.jar:/home/tcsassembler/tcs/HfppSystemIntegration/integrate/hub/lib/spring-aop-3.2.3.RELEASE.jar:/home/tcsassembler/tcs/HfppSystemIntegration/integrate/hub/lib/spring-aspects-3.2.3.RELEASE.jar:/home/tcsassembler/tcs/HfppSystemIntegration/integrate/hub/lib/spring-beans-3.2.3.RELEASE.jar:/home/tcsassembler/tcs/HfppSystemIntegration/integrate/hub/lib/spring-context-3.2.3.RELEASE.jar:/home/tcsassembler/tcs/HfppSystemIntegration/integrate/hub/lib/spring-context-support-3.2.3.RELEASE.jar:/home/tcsassembler/tcs/HfppSystemIntegration/integrate/hub/lib/spring-core-3.2.3.RELEASE.jar:/home/tcsassembler/tcs/HfppSystemIntegration/integrate/hub/lib/spring-expression-3.2.3.RELEASE.jar:/home/tcsassembler/tcs/HfppSystemIntegration/integrate/hub/lib/spring-framework-3.2.3/spring-aop-3.2.3.RELEASE.jar:/home/tcsassembler/tcs/HfppSystemIntegration/integrate/hub/lib/spring-framework-3.2.3/spring-aspects-3.2.3.RELEASE.jar:/home/tcsassembler/tcs/HfppSystemIntegration/integrate/hub/lib/spring-framework-3.2.3/spring-beans-3.2.3.RELEASE.jar:/home/tcsassembler/tcs/HfppSystemIntegration/integrate/hub/lib/spring-framework-3.2.3/spring-context-3.2.3.RELEASE.jar:/home/tcsassembler/tcs/HfppSystemIntegration/integrate/hub/lib/spring-framework-3.2.3/spring-context-support-3.2.3.RELEASE.jar:/home/tcsassembler/tcs/HfppSystemIntegration/integrate/hub/lib/spring-framework-3.2.3/spring-core-3.2.3.RELEASE.jar:/home/tcsassembler/tcs/HfppSystemIntegration/integrate/hub/lib/spring-framework-3.2.3/spring-expression-3.2.3.RELEASE.jar:/home/tcsassembler/tcs/HfppSystemIntegration/integrate/hub/lib/spring-framework-3.2.3/spring-jdbc-3.2.3.RELEASE.jar:/home/tcsassembler/tcs/HfppSystemIntegration/integrate/hub/lib/spring-framework-3.2.3/spring-jms-3.2.3.RELEASE.jar:/home/tcsassembler/tcs/HfppSystemIntegration/integrate/hub/lib/spring-framework-3.2.3/spring-orm-3.2.3.RELEASE.jar:/home/tcsassembler/tcs/HfppSystemIntegration/integrate/hub/lib/spring-framework-3.2.3/spring-tx-3.2.3.RELEASE.jar:/home/tcsassembler/tcs/HfppSystemIntegration/integrate/hub/lib/spring-jdbc-3.2.3.RELEASE.jar:/home/tcsassembler/tcs/HfppSystemIntegration/integrate/hub/lib/spring-jms-3.2.3.RELEASE.jar:/home/tcsassembler/tcs/HfppSystemIntegration/integrate/hub/lib/spring-orm-3.2.3.RELEASE.jar:/home/tcsassembler/tcs/HfppSystemIntegration/integrate/hub/lib/spring-tx-3.2.3.RELEASE.jar:/home/tcsassembler/tcs/HfppSystemIntegration/integrate/hub/lib/velocity-1.7.jar:/home/tcsassembler/tcs/HfppSystemIntegration/integrate/hub/lib/velocity-1.7/velocity-1.7.jar:/home/tcsassembler/tcs/HfppSystemIntegration/integrate/hub/build/classes:/home/tcsassembler/tcs/HfppSystemIntegration/integrate/hub/test_files:/home/tcsassembler/tcs/HfppSystemIntegration/integrate/hub/conf:/home/tcsassembler/tcs/HfppSystemIntegration/integrate/hub/testlib/junit-4.10/junit-4.10.jar:/home/tcsassembler/tcs/HfppSystemIntegration/integrate/hub/testlib/spring-3.2.3.RELEASE/spring-test-3.2.3.RELEASE.jar:/usr/share/java/ant-launcher-1.8.2.jar:/usr/share/ant/lib/ant.jar:/usr/share/ant/lib/ant-junit.jar:/usr/share/ant/lib/ant-junit4.jar" />
    <property name="sun.java.command" value="org.apache.tools.ant.taskdefs.optional.junit.JUnitTestRunner com.hfpp.network.CreateQueueSuite filtertrace=true haltOnError=false haltOnFailure=false showoutput=false outputtoformatters=true logfailedtests=true logtestlistenerevents=false formatter=org.apache.tools.ant.taskdefs.optional.junit.PlainJUnitResultFormatter,/home/tcsassembler/tcs/HfppSystemIntegration/integrate/hub/log/TEST-com.hfpp.network.CreateQueueSuite.txt formatter=org.apache.tools.ant.taskdefs.optional.junit.XMLJUnitResultFormatter,/home/tcsassembler/tcs/HfppSystemIntegration/integrate/hub/log/TEST-com.hfpp.network.CreateQueueSuite.xml crashfile=/home/tcsassembler/tcs/HfppSystemIntegration/integrate/hub/junitvmwatcher166400050271024972.properties propsfile=/home/tcsassembler/tcs/HfppSystemIntegration/integrate/hub/junit9083027188224454985.properties" />
    <property name="ant.version" value="Apache Ant(TM) version 1.8.2 compiled on December 3 2011" />
    <property name="participationRatioThreshold" value="0.1" />
    <property name="sqldir" value="src/sql" />
    <property name="java.vm.specification.name" value="Java Virtual Machine Specification" />
    <property name="builddir" value="build" />
    <property name="ant.file.type" value="file" />
    <property name="java.vm.specification.version" value="1.0" />
    <property name="component.dist.jar" value="build/dist/healthcare_fraud_prevention_-_data_exchange_network_hub_services_module_assembly-1.0.0.jar" />
    <property name="sun.os.patch.level" value="unknown" />
    <property name="sun.cpu.endian" value="little" />
    <property name="qpid.url" value="amqp://guest:guest@clientid/default?brokerlist=&apos;tcp://localhost:5672&apos;" />
    <property name="java.io.tmpdir" value="/tmp" />
    <property name="jdbc.url" value="jdbc:mysql://localhost:3306/hfpp_hub" />
    <property name="java.vendor.url.bug" value="http://java.sun.com/cgi-bin/bugreport.cgi" />
    <property name="javac.encoding" value="UTF-8" />
    <property name="build_targetclassdir" value="build/targetclasses" />
    <property name="javatests" value="src/java/tests" />
    <property name="build_classdir" value="build/classes" />
    <property name="javadocsdir" value="docs/javadocs" />
    <property name="os.arch" value="amd64" />
    <property name="java.awt.graphicsenv" value="sun.awt.X11GraphicsEnvironment" />
    <property name="test_reflib" value="test_reflib" />
    <property name="java.ext.dirs" value="/usr/lib/jvm/java-6-openjdk-amd64/jre/lib/ext:/usr/java/packages/lib/ext" />
    <property name="user.dir" value="/home/tcsassembler/tcs/HfppSystemIntegration/integrate/hub" />
    <property name="design_dist.jar" value="healthcare_fraud_prevention_-_data_exchange_network_hub_services_module_assembly_1.0.0_design_dist.jar" />
    <property name="libdir" value="lib" />
    <property name="javasrc" value="src/java" />
    <property name="line.separator" value="&#xa;" />
    <property name="java.vm.name" value="OpenJDK 64-Bit Server VM" />
    <property name="distfilename" value="healthcare_fraud_prevention_-_data_exchange_network_hub_services_module_assembly" />
    <property name="basedir" value="/home/tcsassembler/tcs/HfppSystemIntegration/integrate/hub" />
    <property name="ant.java.version" value="1.6" />
    <property name="ant.core.lib" value="/usr/share/ant/lib/ant.jar" />
    <property name="file.encoding" value="UTF-8" />
    <property name="dist_docs" value="build/dist/healthcare_fraud_prevention_-_data_exchange_network_hub_services_module_assembly-1.0.0/docs" />
    <property name="component.jar" value="build/dist/lib/tcs/healthcare_fraud_prevention_-_data_exchange_network_hub_services_module_assembly/1.0.0/healthcare_fraud_prevention_-_data_exchange_network_hub_services_module_assembly.jar" />
    <property name="java.specification.version" value="1.6" />
    <property name="ant.project.invoked-targets" value="create-queue" />
    <property name="submission.jar" value="healthcare_fraud_prevention_-_data_exchange_network_hub_services_module_assembly_1.0.0_submission.jar" />
    <property name="component.package" value="com.hfpp.network" />
  </properties>
  <testcase classname="com.hfpp.network.CreateQueueTest" name="testCreateQueue" time="14.585" />
  <system-out><![CDATA[2013-12-26 13:52:47,019 - org.springframework.beans.factory.xml.XmlBeanDefinitionReader - INFO - Loading XML bean definitions from class path resource [applicationContext.xml]
2013-12-26 13:52:47,716 - org.springframework.beans.factory.xml.XmlBeanDefinitionReader - INFO - Loading XML bean definitions from class path resource [test-context.xml]
2013-12-26 13:52:47,804 - org.springframework.context.support.GenericApplicationContext - INFO - Refreshing org.springframework.context.support.GenericApplicationContext@2f8a49e0: startup date [Thu Dec 26 13:52:47 CST 2013]; root of context hierarchy
2013-12-26 13:52:48,318 - org.springframework.beans.factory.config.PropertyPlaceholderConfigurer - INFO - Loading properties file from class path resource [config.properties]
2013-12-26 13:52:48,525 - org.springframework.beans.factory.support.DefaultListableBeanFactory - INFO - Pre-instantiating singletons in org.springframework.beans.factory.support.DefaultListableBeanFactory@76caf6c1: defining beans [org.springframework.beans.factory.config.PropertyPlaceholderConfigurer#0,org.springframework.context.annotation.internalConfigurationAnnotationProcessor,org.springframework.context.annotation.internalAutowiredAnnotationProcessor,org.springframework.context.annotation.internalRequiredAnnotationProcessor,org.springframework.context.annotation.internalCommonAnnotationProcessor,org.springframework.context.annotation.internalPersistenceAnnotationProcessor,org.springframework.aop.config.internalAutoProxyCreator,org.springframework.transaction.annotation.AnnotationTransactionAttributeSource#0,org.springframework.transaction.interceptor.TransactionInterceptor#0,org.springframework.transaction.config.internalTransactionAdvisor,ehcache1,cacheManager,cacheService,lookupService,auditService,permissions,authorizationService,passwordEncryptor,rolesEligibleToReceiveDataRequests,rolesEligibleToInitiateDataRequests,userService,authenticationService,jmsTemplate,velocityEngine,dataExchangeService,qpidConnectionFactory,jmsConnectionFactory,entityManagerFactory,entityManager,btmConfig,bitronixTransactionManager,jtaTransactionManager,partnerStatisticsRequestMessageHandler,partnerListRequestMessageHandler,dataRequestMessageHandler,dataResponseMessageHandler,analysisResultMessageHandler,analysisResultQueue,dataRequestQueue,dataResponseQueue,generalServiceQueue,exceptionErrorCodes,exceptionErrorMessages,dataRequestMessageListener,dataRequestMessageContainer,dataResponseMessageListener,dataResponseMessageContainer,analysisResultMessageListener,analysisResultMessageContainer,schemaPaths,templatePaths,operationNames,messageHandlers,generalServiceMessageListener,generalServicetMessageContainer,configProperties,entityManagerFactoryTest,org.springframework.context.annotation.ConfigurationClassPostProcessor.importAwareProcessor]; root of factory hierarchy
2013-12-26 13:52:48,794 - org.springframework.cache.ehcache.EhCacheManagerFactoryBean - INFO - Initializing EhCache CacheManager
2013-12-26 13:52:49,991 - org.springframework.orm.jpa.LocalEntityManagerFactoryBean - INFO - Building JPA EntityManagerFactory for persistence unit 'persistenceUnitJTA'
2013-12-26 13:52:50,624 - org.hibernate.annotations.common.Version - INFO - HCANN000001: Hibernate Commons Annotations {4.0.2.Final}
2013-12-26 13:52:50,653 - org.hibernate.Version - INFO - HHH000412: Hibernate Core {4.2.3.Final}
2013-12-26 13:52:50,666 - org.hibernate.cfg.Environment - INFO - HHH000206: hibernate.properties not found
2013-12-26 13:52:50,686 - org.hibernate.cfg.Environment - INFO - HHH000021: Bytecode provider name : javassist
2013-12-26 13:52:51,629 - org.hibernate.service.jdbc.connections.internal.DriverManagerConnectionProviderImpl - INFO - HHH000402: Using Hibernate built-in connection pool (not for production use!)
2013-12-26 13:52:51,657 - org.hibernate.service.jdbc.connections.internal.DriverManagerConnectionProviderImpl - INFO - HHH000115: Hibernate connection pool size: 20
2013-12-26 13:52:51,658 - org.hibernate.service.jdbc.connections.internal.DriverManagerConnectionProviderImpl - INFO - HHH000006: Autocommit mode: true
2013-12-26 13:52:51,660 - org.hibernate.service.jdbc.connections.internal.DriverManagerConnectionProviderImpl - INFO - HHH000401: using driver [com.mysql.jdbc.Driver] at URL [jdbc:mysql://localhost:3306/hfpp_hub]
2013-12-26 13:52:51,660 - org.hibernate.service.jdbc.connections.internal.DriverManagerConnectionProviderImpl - INFO - HHH000046: Connection properties: {user=root, password=****, autocommit=true, release_mode=auto}
2013-12-26 13:52:52,920 - org.hibernate.dialect.Dialect - INFO - HHH000400: Using dialect: org.hibernate.dialect.MySQLDialect
2013-12-26 13:52:53,746 - org.hibernate.engine.transaction.internal.TransactionFactoryInitiator - INFO - HHH000268: Transaction strategy: org.hibernate.engine.transaction.internal.jta.CMTTransactionFactory
2013-12-26 13:52:53,764 - org.hibernate.hql.internal.ast.ASTQueryTranslatorFactory - INFO - HHH000397: Using ASTQueryTranslatorFactory
2013-12-26 13:52:53,835 - org.hibernate.cache.spi.UpdateTimestampsCache - INFO - HHH000250: Starting update timestamps cache at region: org.hibernate.cache.spi.UpdateTimestampsCache
2013-12-26 13:52:53,844 - org.hibernate.cache.ehcache.AbstractEhcacheRegionFactory - WARN - HHH020003: Could not find a specific ehcache configuration for cache named [org.hibernate.cache.spi.UpdateTimestampsCache]; using defaults.
2013-12-26 13:52:54,038 - org.hibernate.cache.internal.StandardQueryCache - INFO - HHH000248: Starting query cache at region: org.hibernate.cache.internal.StandardQueryCache
2013-12-26 13:52:54,040 - org.hibernate.cache.ehcache.AbstractEhcacheRegionFactory - WARN - HHH020003: Could not find a specific ehcache configuration for cache named [org.hibernate.cache.internal.StandardQueryCache]; using defaults.
2013-12-26 13:52:54,527 - org.hibernate.cache.ehcache.AbstractEhcacheRegionFactory - WARN - HHH020003: Could not find a specific ehcache configuration for cache named [com.hfpp.network.models.Role]; using defaults.
2013-12-26 13:52:54,778 - bitronix.tm.BitronixTransactionManager - INFO - Bitronix Transaction Manager version 2.1.3
2013-12-26 13:52:54,779 - bitronix.tm.Configuration - INFO - JVM unique ID: <spring-btm>
2013-12-26 13:52:54,981 - bitronix.tm.recovery.Recoverer - INFO - recovery committed 0 dangling transaction(s) and rolled back 0 aborted transaction(s) on 0 resource(s) [] (restricted to serverId 'spring-btm')
2013-12-26 13:52:55,895 - org.springframework.transaction.jta.JtaTransactionManager - INFO - Using JTA UserTransaction: a BitronixTransactionManager with 0 in-flight transaction(s)
2013-12-26 13:52:55,896 - org.springframework.transaction.jta.JtaTransactionManager - INFO - Using JTA TransactionManager: a BitronixTransactionManager with 0 in-flight transaction(s)
2013-12-26 13:52:56,496 - org.springframework.beans.factory.config.PropertiesFactoryBean - INFO - Loading properties file from class path resource [config.properties]
2013-12-26 13:52:56,500 - org.springframework.orm.jpa.LocalEntityManagerFactoryBean - INFO - Building JPA EntityManagerFactory for persistence unit 'persistenceUnit'
2013-12-26 13:52:56,703 - org.hibernate.service.jdbc.connections.internal.DriverManagerConnectionProviderImpl - INFO - HHH000402: Using Hibernate built-in connection pool (not for production use!)
2013-12-26 13:52:56,703 - org.hibernate.service.jdbc.connections.internal.DriverManagerConnectionProviderImpl - INFO - HHH000115: Hibernate connection pool size: 20
2013-12-26 13:52:56,703 - org.hibernate.service.jdbc.connections.internal.DriverManagerConnectionProviderImpl - INFO - HHH000006: Autocommit mode: true
2013-12-26 13:52:56,704 - org.hibernate.service.jdbc.connections.internal.DriverManagerConnectionProviderImpl - INFO - HHH000401: using driver [com.mysql.jdbc.Driver] at URL [jdbc:mysql://localhost:3306/hfpp_hub]
2013-12-26 13:52:56,704 - org.hibernate.service.jdbc.connections.internal.DriverManagerConnectionProviderImpl - INFO - HHH000046: Connection properties: {user=root, password=****, autocommit=true, release_mode=auto}
2013-12-26 13:52:56,795 - org.hibernate.dialect.Dialect - INFO - HHH000400: Using dialect: org.hibernate.dialect.MySQLDialect
2013-12-26 13:52:56,959 - org.hibernate.engine.transaction.internal.TransactionFactoryInitiator - INFO - HHH000268: Transaction strategy: org.hibernate.engine.transaction.internal.jdbc.JdbcTransactionFactory
2013-12-26 13:52:56,961 - org.hibernate.hql.internal.ast.ASTQueryTranslatorFactory - INFO - HHH000397: Using ASTQueryTranslatorFactory
2013-12-26 13:52:56,962 - org.hibernate.cache.spi.UpdateTimestampsCache - INFO - HHH000250: Starting update timestamps cache at region: org.hibernate.cache.spi.UpdateTimestampsCache
2013-12-26 13:52:56,963 - org.hibernate.cache.internal.StandardQueryCache - INFO - HHH000248: Starting query cache at region: org.hibernate.cache.internal.StandardQueryCache
2013-12-26 13:52:57,083 - org.hibernate.internal.SessionFactoryImpl - WARN - HHH000008: JTASessionContext being used with JDBCTransactionFactory; auto-flush will not operate correctly with getCurrentSession()
2013-12-26 13:52:57,109 - org.springframework.context.support.DefaultLifecycleProcessor - INFO - Starting beans in phase 2147483647
2013-12-26 13:52:57,333 - org.springframework.test.context.transaction.TransactionalTestExecutionListener - INFO - Began transaction (1): transaction manager [org.springframework.transaction.jta.JtaTransactionManager@4acf7fd0]; rollback [true]
2013-12-26 13:52:58,616 - org.apache.qpid.client.security.DynamicSaslRegistrar - INFO - Additional SASL providers successfully registered.
2013-12-26 13:52:58,621 - org.apache.qpid.client.security.CallbackHandlerRegistry - INFO - Callback handlers available for SASL mechanisms: [EXTERNAL, GSSAPI, CRAM-MD5-HASHED, CRAM-MD5, AMQPLAIN, PLAIN, ANONYMOUS]
2013-12-26 13:52:58,652 - org.apache.qpid.client.AMQConnection - INFO - Connection 1 now connected from /127.0.0.1:59102 to localhost/127.0.0.1:5672
2013-12-26 13:52:58,653 - org.springframework.jms.connection.SingleConnectionFactory - INFO - Established shared JMS Connection: AMQConnection:
Host: localhost
Port: 5672
Virtual Host: default
Client ID: clientid
Active session count: 0
2013-12-26 13:53:01,466 - org.springframework.test.context.transaction.TransactionalTestExecutionListener - INFO - Rolled back transaction after test execution for test context [TestContext@62918c34 testClass = CreateQueueTest, testInstance = null(com.hfpp.network.CreateQueueTest), testMethod = testCreateQueue@CreateQueueTest, testException = [null], mergedContextConfiguration = [MergedContextConfiguration@418bdc7a testClass = CreateQueueTest, locations = '{classpath:applicationContext.xml, classpath:test-context.xml}', classes = '{}', contextInitializerClasses = '[]', activeProfiles = '{}', contextLoader = 'org.springframework.test.context.support.DelegatingSmartContextLoader', parent = [null]]]
]]></system-out>
  <system-err><![CDATA[SLF4J: Class path contains multiple SLF4J bindings.
SLF4J: Found binding in [jar:file:/home/tcsassembler/tcs/HfppSystemIntegration/integrate/hub/lib/slf4j-1.7.2/slf4j-log4j12-1.7.2.jar!/org/slf4j/impl/StaticLoggerBinder.class]
SLF4J: Found binding in [jar:file:/home/tcsassembler/tcs/HfppSystemIntegration/integrate/hub/lib/slf4j-log4j12-1.7.2.jar!/org/slf4j/impl/StaticLoggerBinder.class]
SLF4J: See http://www.slf4j.org/codes.html#multiple_bindings for an explanation.
SLF4J: Actual binding is of type [org.slf4j.impl.Log4jLoggerFactory]
]]></system-err>
</testsuite>
